2015-07-15 23:00:24,014 [Worker-1] INFO  o.e.m.c.i.l.LifecycleMappingFactory - Using org.maven.ide.eclipse.wtp.WarLifecycleMapping lifecycle mapping for MavenProject: org.springframework.samples.service.service:proj_Spring:0.0.1-SNAPSHOT @ /Users/1002475/Documents/workspace_Spring/git_spring_study/proj_Spring/pom.xml.
2015-07-15 23:00:24,013 [Worker-5] INFO  o.e.m.c.i.l.LifecycleMappingFactory - Using org.maven.ide.eclipse.wtp.WarLifecycleMapping lifecycle mapping for MavenProject: org.springframework.samples.service.service:proj_Spring:0.0.1-SNAPSHOT @ /Users/1002475/Documents/workspace_Spring/git_spring_study/proj_Spring/pom.xml.
2015-07-15 23:00:25,099 [Worker-5] INFO  o.e.m.c.i.embedder.EclipseLogger - Using 'UTF-8' encoding to copy filtered resources.
2015-07-15 23:00:25,104 [Worker-5] INFO  o.e.m.c.i.embedder.EclipseLogger - Copying 2 resources
2015-07-15 23:00:25,109 [Worker-5] INFO  o.e.m.c.i.embedder.EclipseLogger - Using 'UTF-8' encoding to copy filtered resources.
2015-07-15 23:00:25,109 [Worker-5] INFO  o.e.m.c.i.embedder.EclipseLogger - skip non existing resourceDirectory /Users/1002475/Documents/workspace_Spring/git_spring_study/proj_Spring/src/test/resources
2015-07-15 23:00:26,428 [Worker-1] INFO  o.e.m.c.i.l.LifecycleMappingFactory - Using org.maven.ide.eclipse.wtp.WarLifecycleMapping lifecycle mapping for MavenProject: org.springframework.samples.service.service:proj_Spring:0.0.1-SNAPSHOT @ /Users/1002475/Documents/workspace_Spring/git_spring_study/proj_Spring/pom.xml.
2015-07-15 23:00:34,941 [Worker-14] INFO  o.e.m.c.i.embedder.EclipseLogger - Using 'UTF-8' encoding to copy filtered resources.
2015-07-15 23:00:34,947 [Worker-14] INFO  o.e.m.c.i.embedder.EclipseLogger - Copying 0 resource
2015-07-15 23:00:34,948 [Worker-14] INFO  o.e.m.c.i.embedder.EclipseLogger - Using 'UTF-8' encoding to copy filtered resources.
2015-07-15 23:00:34,948 [Worker-14] INFO  o.e.m.c.i.embedder.EclipseLogger - skip non existing resourceDirectory /Users/1002475/Documents/workspace_Spring/git_spring_study/proj_Spring/src/test/resources
2015-07-15 23:01:07,275 [Worker-9] INFO  o.e.m.c.i.l.LifecycleMappingFactory - Using org.eclipse.m2e.jdt.JarLifecycleMapping lifecycle mapping for MavenProject: com.school:bankjava:0.0.1-SNAPSHOT @ /Users/1002475/Documents/workspace_Spring/edu/day03_1/bankjava_TA/pom.xml.
2015-07-15 23:01:07,462 [Worker-12] INFO  o.e.m.c.i.embedder.EclipseLogger - Using 'UTF-8' encoding to copy filtered resources.
2015-07-15 23:01:07,462 [Worker-12] INFO  o.e.m.c.i.embedder.EclipseLogger - skip non existing resourceDirectory /Users/1002475/Documents/workspace_Spring/edu/day03_1/bankjava_TA/src/main/resources
2015-07-15 23:01:07,463 [Worker-12] INFO  o.e.m.c.i.embedder.EclipseLogger - Using 'UTF-8' encoding to copy filtered resources.
2015-07-15 23:01:07,463 [Worker-12] INFO  o.e.m.c.i.embedder.EclipseLogger - skip non existing resourceDirectory /Users/1002475/Documents/workspace_Spring/edu/day03_1/bankjava_TA/src/test/resources
2015-07-15 23:01:39,290 [Worker-2] INFO  o.e.m.c.i.l.LifecycleMappingFactory - Using org.eclipse.m2e.jdt.JarLifecycleMapping lifecycle mapping for MavenProject: com.school:bankjava:0.0.1-SNAPSHOT @ /Users/1002475/Documents/workspace_Spring/edu/day03_1/bankjava_TA/pom.xml.
2015-07-15 23:01:39,317 [Worker-2] INFO  o.e.m.c.i.embedder.EclipseLogger - Using 'UTF-8' encoding to copy filtered resources.
2015-07-15 23:01:39,317 [Worker-2] INFO  o.e.m.c.i.embedder.EclipseLogger - skip non existing resourceDirectory /Users/1002475/Documents/workspace_Spring/edu/day03_1/bankjava_TA/src/main/resources
2015-07-15 23:01:39,318 [Worker-2] INFO  o.e.m.c.i.embedder.EclipseLogger - Using 'UTF-8' encoding to copy filtered resources.
2015-07-15 23:01:39,318 [Worker-2] INFO  o.e.m.c.i.embedder.EclipseLogger - skip non existing resourceDirectory /Users/1002475/Documents/workspace_Spring/edu/day03_1/bankjava_TA/src/test/resources
